<?xml version="1.0" encoding="UTF-8"?>
<!-- Generated by org.testng.reporters.JUnitReportReporter -->
<testsuite skipped="0" hostname="Nejlas-MacBook-Air.local" name="pomtests.WebOrdersTest" tests="4" failures="0" timestamp="10 Jul 2018 04:52:02 GMT" time="4.056" errors="0">
  <testcase name="loginPageTest" time="1.456" classname="pomtests.WebOrdersTest"/>
  <testcase name="WebOrdersPage" time="0.267" classname="pomtests.WebOrdersTest"/>
  <testcase name="verifyProducts" time="0.559" classname="pomtests.WebOrdersTest"/>
  <testcase name="placeOrder" time="1.774" classname="pomtests.WebOrdersTest"/>
</testsuite> <!-- pomtests.WebOrdersTest -->
